<?xml version="1.0" encoding="UTF-8"?>
<!-- Generated by org.testng.reporters.JUnitReportReporter -->
<testsuite hostname="LAPTOP-BNM217OT" failures="0" tests="1" name="cucumber.TestNGTestRunner" time="0.096" errors="1" timestamp="29 Aug 2025 19:04:55 GMT" skipped="0">
  <testcase classname="cucumber.TestNGTestRunner" name="runScenario" time="0.096">
    <error message="Cannot invoke &quot;org.openqa.selenium.WebDriver.manage()&quot; because &quot;this.driver&quot; is null" type="java.lang.NullPointerException">
      <![CDATA[java.lang.NullPointerException: Cannot invoke "org.openqa.selenium.WebDriver.manage()" because "this.driver" is null
at rahulshettyacademy.TestComponents.BaseTest.initializeDriver(BaseTest.java:74)
at rahulshettyacademy.TestComponents.BaseTest.launchApplication(BaseTest.java:112)
at rahulshettyacademy.stepDefinitions.StepDefinitionImpl.I_landed_on_Ecommerce_Page(StepDefinitionImpl.java:27)
at ✽.I landed on Ecommerce Page(file:///D:/Automation/SeleniumFrameworkDesign/SeleniumFrameworkDesign/src/test/java/cucumber/SubmitOrder.feature:7)
]]>
    </error>
  </testcase> <!-- runScenario -->
</testsuite> <!-- cucumber.TestNGTestRunner -->
